<testsuites>
  <testsuite name="step graph" tests="6" skipped="0" failures="1" time="whatever">
    <properties></properties>
    <testcase name="Find the input image os and tag it into the pipeline" time="whatever"></testcase>
    <testcase name="Run multi-stage test post phase" time="whatever">
      <system-out>The collected steps of multi-stage phase post.</system-out>
    </testcase>
    <testcase name="Run multi-stage test pre phase" time="whatever">
      <system-out>The collected steps of multi-stage phase pre.</system-out>
    </testcase>
    <testcase name="Run multi-stage test test phase" time="whatever">
      <system-out>The collected steps of multi-stage phase test.</system-out>
    </testcase>
    <testcase name="Run multi-stage test with-failing-observer - with-failing-observer-failing-observer container test" time="whatever">
      <failure message="">+ echo &#39;this is going to fail&#39;&#xA;this is going to fail&#xA;+ exit 1&#xA;{&#34;component&#34;:&#34;entrypoint&#34;,&#34;error&#34;:&#34;wrapped process failed: exit status 1&#34;,&#34;file&#34;:&#34;k8s.io/test-infra/prow/entrypoint/run.go&#34;,&#34;func&#34;:&#34;k8s.io/test-infra/prow/entrypoint.Options.internalRun&#34;,&#34;level&#34;:&#34;error&#34;,&#34;msg&#34;:&#34;Error executing test process&#34;,&#34;severity&#34;:&#34;error&#34;,&#34;time&#34;:&#34;whatever&#34;}&#xA;error: failed to execute wrapped command: exit status 1&#xA;</failure>
    </testcase>
    <testcase name="Run multi-stage test with-failing-observer - with-failing-observer-noop-test container test" time="whatever"></testcase>
  </testsuite>
</testsuites>